<?xml version="1.0" encoding="utf-8" standalone="no"?>
<test-run id="0" runstate="Runnable" testcasecount="3" result="Passed" total="3" passed="3" failed="0" inconclusive="0" skipped="0" asserts="3" engine-version="3.11.1.0" clr-version="4.0.30319.42000" start-time="2020-11-05 02:11:28Z" end-time="2020-11-05 02:11:30Z" duration="2.346241">
  <command-line><![CDATA[/tmp/work/CSharp.TsvToHtmlTable.20201028082641/bin/packages/NUnit.ConsoleRunner.3.11.1/tools/nunit3-console.exe /tmp/work/CSharp.TsvToHtmlTable.20201028082641/bin/tests.dll]]></command-line>
  <test-suite type="Assembly" id="0-1005" name="tests.dll" fullname="/tmp/work/CSharp.TsvToHtmlTable.20201028082641/bin/tests.dll" runstate="Runnable" testcasecount="3" result="Passed" start-time="2020-11-05 02:11:30Z" end-time="2020-11-05 02:11:30Z" duration="0.240648" total="3" passed="3" failed="0" warnings="0" inconclusive="0" skipped="0" asserts="3">
    <environment framework-version="3.12.0.0" clr-version="4.0.30319.42000" os-version="Unix 5.4.72.7" platform="Unix" cwd="/tmp/work/CSharp.TsvToHtmlTable.20201028082641/src" machine-name="raspberrypi" user="pi" user-domain="raspberrypi" culture="ja-JP" uiculture="ja-JP" os-architecture="x86" />
    <settings>
      <setting name="DisposeRunners" value="True" />
      <setting name="WorkDirectory" value="/tmp/work/CSharp.TsvToHtmlTable.20201028082641/src" />
      <setting name="ImageRuntimeVersion" value="4.0.30319" />
      <setting name="ImageRequiresX86" value="False" />
      <setting name="ImageRequiresDefaultAppDomainAssemblyResolver" value="False" />
      <setting name="RuntimeFramework" value="mono-4.0" />
      <setting name="NumberOfTestWorkers" value="4" />
    </settings>
    <properties>
      <property name="_PID" value="9382" />
      <property name="_APPDOMAIN" value="domain-" />
    </properties>
    <test-suite type="TestSuite" id="0-1006" name="TsvToHtmlTable" fullname="TsvToHtmlTable" runstate="Runnable" testcasecount="3" result="Passed" start-time="2020-11-05 02:11:30Z" end-time="2020-11-05 02:11:30Z" duration="0.194013" total="3" passed="3" failed="0" warnings="0" inconclusive="0" skipped="0" asserts="3">
      <test-suite type="TestSuite" id="0-1007" name="Tests" fullname="TsvToHtmlTable.Tests" runstate="Runnable" testcasecount="3" result="Passed" start-time="2020-11-05 02:11:30Z" end-time="2020-11-05 02:11:30Z" duration="0.193221" total="3" passed="3" failed="0" warnings="0" inconclusive="0" skipped="0" asserts="3">
        <test-suite type="TestFixture" id="0-1000" name="HtmlTest" fullname="TsvToHtmlTable.Tests.HtmlTest" classname="TsvToHtmlTable.Tests.HtmlTest" runstate="Runnable" testcasecount="3" result="Passed" start-time="2020-11-05 02:11:30Z" end-time="2020-11-05 02:11:30Z" duration="0.186404" total="3" passed="3" failed="0" warnings="0" inconclusive="0" skipped="0" asserts="3">
          <test-suite type="ParameterizedMethod" id="0-1004" name="TestElementOnly" fullname="TsvToHtmlTable.Tests.HtmlTest.TestElementOnly" classname="TsvToHtmlTable.Tests.HtmlTest" runstate="Runnable" testcasecount="3" result="Passed" start-time="2020-11-05 02:11:30Z" end-time="2020-11-05 02:11:30Z" duration="0.171756" total="3" passed="3" failed="0" warnings="0" inconclusive="0" skipped="0" asserts="3">
            <test-case id="0-1001" name="TestElementOnly(&quot;&quot;,&quot;&quot;)" fullname="TsvToHtmlTable.Tests.HtmlTest.TestElementOnly(&quot;&quot;,&quot;&quot;)" methodname="TestElementOnly" classname="TsvToHtmlTable.Tests.HtmlTest" runstate="Runnable" seed="376361118" result="Passed" start-time="2020-11-05 02:11:30Z" end-time="2020-11-05 02:11:30Z" duration="0.147901" asserts="1" />
            <test-case id="0-1002" name="TestElementOnly(null,&quot;&quot;)" fullname="TsvToHtmlTable.Tests.HtmlTest.TestElementOnly(null,&quot;&quot;)" methodname="TestElementOnly" classname="TsvToHtmlTable.Tests.HtmlTest" runstate="Runnable" seed="1507744863" result="Passed" start-time="2020-11-05 02:11:30Z" end-time="2020-11-05 02:11:30Z" duration="0.000420" asserts="1" />
            <test-case id="0-1003" name="TestElementOnly(&quot;br&quot;,&quot;&lt;br /&gt;&quot;)" fullname="TsvToHtmlTable.Tests.HtmlTest.TestElementOnly(&quot;br&quot;,&quot;&lt;br /&gt;&quot;)" methodname="TestElementOnly" classname="TsvToHtmlTable.Tests.HtmlTest" runstate="Runnable" seed="474984946" result="Passed" start-time="2020-11-05 02:11:30Z" end-time="2020-11-05 02:11:30Z" duration="0.000520" asserts="1" />
          </test-suite>
        </test-suite>
      </test-suite>
    </test-suite>
  </test-suite>
</test-run>